Build started 4/29/2015 10:12:24 AM.
     1>Project "C:\Users\Nacorpio\Desktop\ScriptHookV_SDK_1.0.335.2\samples\NativeTrainer\NativeTrainer.vcxproj" on node 2 (Build target(s)).
     1>ClCompile:
         D:\Programming\Microsoft Visual Studio 12.0\VC\bin\x86_amd64\CL.exe /c /Zi /nologo /W3 /WX- /O2 /Oi /GL /D WIN32 /D NDEBUG /D _WINDOWS /D _USRDLL /D NativeTrainer_EXPORTS /D _WINDLL /D _MBCS /Gm- /EHsc /MT /GS /Gy /fp:fast /Zc:wchar_t /Zc:forScope /Fo"tmp\Release\\" /Fd"tmp\Release\vc120.pdb" /Gd /TP /errorReport:prompt API\EntityObj.cpp
         EntityObj.cpp
     1>API\EntityObj.cpp(8): warning C4800: 'BOOL' : forcing value to bool 'true' or 'false' (performance warning)
     1>API\EntityObj.cpp(12): warning C4800: 'BOOL' : forcing value to bool 'true' or 'false' (performance warning)
     1>API\EntityObj.cpp(36): warning C4800: 'BOOL' : forcing value to bool 'true' or 'false' (performance warning)
     1>API\EntityObj.cpp(40): warning C4800: 'BOOL' : forcing value to bool 'true' or 'false' (performance warning)
     1>API\EntityObj.cpp(44): warning C4800: 'BOOL' : forcing value to bool 'true' or 'false' (performance warning)
     1>API\EntityObj.cpp(48): warning C4800: 'BOOL' : forcing value to bool 'true' or 'false' (performance warning)
     1>API\EntityObj.cpp(52): warning C4800: 'BOOL' : forcing value to bool 'true' or 'false' (performance warning)
     1>API\EntityObj.cpp(56): warning C4800: 'BOOL' : forcing value to bool 'true' or 'false' (performance warning)
     1>API\EntityObj.cpp(60): warning C4800: 'BOOL' : forcing value to bool 'true' or 'false' (performance warning)
     1>API\EntityObj.cpp(64): warning C4800: 'BOOL' : forcing value to bool 'true' or 'false' (performance warning)
     1>API\EntityObj.cpp(68): warning C4800: 'BOOL' : forcing value to bool 'true' or 'false' (performance warning)
     1>API\EntityObj.cpp(72): warning C4800: 'BOOL' : forcing value to bool 'true' or 'false' (performance warning)
     1>API\EntityObj.cpp(76): warning C4800: 'BOOL' : forcing value to bool 'true' or 'false' (performance warning)
     1>API\EntityObj.cpp(82): warning C4800: 'BOOL' : forcing value to bool 'true' or 'false' (performance warning)
     1>API\EntityObj.cpp(86): warning C4800: 'BOOL' : forcing value to bool 'true' or 'false' (performance warning)
     1>API\EntityObj.cpp(90): warning C4800: 'BOOL' : forcing value to bool 'true' or 'false' (performance warning)
     1>API\EntityObj.cpp(94): warning C4800: 'BOOL' : forcing value to bool 'true' or 'false' (performance warning)
     1>API\EntityObj.cpp(98): warning C4800: 'BOOL' : forcing value to bool 'true' or 'false' (performance warning)
     1>API\EntityObj.cpp(104): warning C4244: 'return' : conversion from 'Any' to 'float', possible loss of data
       Link:
         D:\Programming\Microsoft Visual Studio 12.0\VC\bin\x86_amd64\link.exe /ERRORREPORT:PROMPT /OUT:"bin\Release\NativeTrainer.asi" /INCREMENTAL:NO /NOLOGO kernel32.lib user32.lib gdi32.lib winspool.lib comdlg32.lib advapi32.lib shell32.lib ole32.lib oleaut32.lib uuid.lib odbc32.lib odbccp32.lib /MANIFEST /MANIFESTUAC:"level='asInvoker' uiAccess='false'" /manifest:embed /PDB:"bin\Release\NativeTrainer.pdb" /SUBSYSTEM:WINDOWS /OPT:REF /OPT:ICF /LTCG /TLBID:1 /DYNAMICBASE /NXCOMPAT /IMPLIB:"bin\Release\NativeTrainer.lib" /MACHINE:X64 ..\..\lib\ScriptHookV.lib /DLL tmp\Release\EntityObj.obj
         tmp\Release\PedObj.obj
         tmp\Release\PlayerObj.obj
         tmp\Release\VehicleObj.obj
         tmp\Release\main.obj
         tmp\Release\script.obj
         Generating code
         Finished generating code
         NativeTrainer.vcxproj -> C:\Users\Nacorpio\Desktop\ScriptHookV_SDK_1.0.335.2\samples\NativeTrainer\bin\Release\NativeTrainer.asi
     1>Done Building Project "C:\Users\Nacorpio\Desktop\ScriptHookV_SDK_1.0.335.2\samples\NativeTrainer\NativeTrainer.vcxproj" (Build target(s)).

Build succeeded.

Time Elapsed 00:00:02.70
